Build started 19/04/2015 16:41:04.
     1>Project "C:\Users\bellanko\Desktop\Super Bomberman (SNES)\SDL Game.vcxproj" on node 2 (Build target(s)).
     1>ClCompile:
         C:\Program Files (x86)\Microsoft Visual Studio 12.0\VC\bin\CL.exe /c /ZI /nologo /W3 /WX- /sdl /Od /Oy- /D _MBCS /Gm /RTC1 /MDd /GS /fp:precise /Zc:wchar_t /Zc:forScope /Fo"Debug\\" /Fd"Debug\vc120.pdb" /Gd /TP /analyze- /errorReport:prompt Application.cpp Main.cpp ModuleAudio.cpp ModuleCollision.cpp ModuleParticles.cpp ModuleLevelOne.cpp ModuleFadeToBlack.cpp ModuleInput.cpp ModulePlayer.cpp ModuleRender.cpp ModuleSceneIntro.cpp ModuleTextures.cpp ModuleWindow.cpp
         ModuleSceneIntro.cpp
         ModuleLevelOne.cpp
     1>c:\users\bellanko\desktop\super bomberman (snes)\modulelevelone.cpp(46): warning C4305: 'initializing' : truncation from '__int64' to 'int'
     1>c:\users\bellanko\desktop\super bomberman (snes)\modulelevelone.cpp(46): warning C4309: 'initializing' : truncation of constant value
     1>c:\users\bellanko\desktop\super bomberman (snes)\modulelevelone.cpp(65): warning C4101: 'col' : unreferenced local variable
     1>c:\users\bellanko\desktop\super bomberman (snes)\modulelevelone.cpp(65): warning C4101: 'fil' : unreferenced local variable
         Application.cpp
         Generating Code...
         Compiling...
         ModuleWindow.cpp
         ModuleTextures.cpp
         ModuleRender.cpp
         ModulePlayer.cpp
         ModuleInput.cpp
         ModuleFadeToBlack.cpp
         ModuleParticles.cpp
         ModuleCollision.cpp
         ModuleAudio.cpp
         Main.cpp
         Generating Code...
       Link:
         C:\Program Files (x86)\Microsoft Visual Studio 12.0\VC\bin\link.exe /ERRORREPORT:PROMPT /OUT:"C:\Users\bellanko\Desktop\Super Bomberman (SNES)\Debug\SDL Game.exe" /INCREMENTAL /NOLOGO kernel32.lib user32.lib gdi32.lib winspool.lib comdlg32.lib advapi32.lib shell32.lib ole32.lib oleaut32.lib uuid.lib odbc32.lib odbccp32.lib /MANIFEST /MANIFESTUAC:"level='asInvoker' uiAccess='false'" /manifest:embed /DEBUG /PDB:"C:\Users\bellanko\Desktop\Super Bomberman (SNES)\Debug\SDL Game.pdb" /SUBSYSTEM:WINDOWS /TLBID:1 /DYNAMICBASE /NXCOMPAT /IMPLIB:"C:\Users\bellanko\Desktop\Super Bomberman (SNES)\Debug\SDL Game.lib" /MACHINE:X86 Debug\Application.obj
         Debug\log.obj
         Debug\Main.obj
         Debug\ModuleAudio.obj
         Debug\ModuleCollision.obj
         Debug\ModuleParticles.obj
         Debug\ModuleLevelOne.obj
         Debug\ModuleFadeToBlack.obj
         Debug\ModuleInput.obj
         Debug\ModulePlayer.obj
         Debug\ModuleRender.obj
         Debug\ModuleSceneIntro.obj
         Debug\ModuleTextures.obj
         Debug\ModuleWindow.obj
     1>MSVCRTD.lib(cinitexe.obj) : warning LNK4098: defaultlib 'msvcrt.lib' conflicts with use of other libs; use /NODEFAULTLIB:library
         SDL Game.vcxproj -> C:\Users\bellanko\Desktop\Super Bomberman (SNES)\Debug\SDL Game.exe
     1>Done Building Project "C:\Users\bellanko\Desktop\Super Bomberman (SNES)\SDL Game.vcxproj" (Build target(s)).

Build succeeded.

Time Elapsed 00:00:04.67
